\BOOKMARK [0][-]{section*.1}{Contents}{}% 1
\BOOKMARK [0][-]{chapter.1}{Practical skills in chemistry}{}% 2
\BOOKMARK [1][-]{section.1.1}{Practical stuff 1.1.1 \046 1.1.2}{chapter.1}% 3
\BOOKMARK [1][-]{section.1.2}{The reviewing 1.1.3 \046 1.1.4}{chapter.1}% 4
\BOOKMARK [0][-]{chapter.2}{Foundations in Chemistry}{}% 5
\BOOKMARK [1][-]{section.2.1}{Atomic Structures and Isotopes 2.1.1}{chapter.2}% 6
\BOOKMARK [1][-]{section.2.2}{Compounds, formulae and equations 2.1.2}{chapter.2}% 7
\BOOKMARK [1][-]{section.2.3}{Amount of substances 2.1.3}{chapter.2}% 8
\BOOKMARK [1][-]{section.2.4}{Acids 2.1.4}{chapter.2}% 9
\BOOKMARK [1][-]{section.2.5}{Redox 2.1.5}{chapter.2}% 10
\BOOKMARK [1][-]{section.2.6}{Electron structure 2.2.1}{chapter.2}% 11
\BOOKMARK [1][-]{section.2.7}{Bonding 2.2.2}{chapter.2}% 12
\BOOKMARK [1][-]{section.2.8}{The shapes of simple molecules and ions 2.2.2}{chapter.2}% 13
\BOOKMARK [1][-]{section.2.9}{Electronegativity and bond polarity 2.2.2}{chapter.2}% 14
\BOOKMARK [1][-]{section.2.10}{Intermolecular Forces 2.2.2}{chapter.2}% 15
\BOOKMARK [0][-]{chapter.3}{Periodic table and energy}{}% 16
\BOOKMARK [1][-]{section.3.1}{The Periodic table 3.1.1}{chapter.3}% 17
\BOOKMARK [1][-]{section.3.2}{Periodic trend in structure 3.1.1}{chapter.3}% 18
\BOOKMARK [1][-]{section.3.3}{Group 2 -3.1.2}{chapter.3}% 19
\BOOKMARK [1][-]{section.3.4}{The halogens 3.1.3}{chapter.3}% 20
\BOOKMARK [1][-]{section.3.5}{More tests 3.1.4}{chapter.3}% 21
\BOOKMARK [1][-]{section.3.6}{Enthalpy 3.2.1}{chapter.3}% 22
\BOOKMARK [1][-]{section.3.7}{Rates of Reaction 3.2.2}{chapter.3}% 23
\BOOKMARK [1][-]{section.3.8}{Chemical equilibrium 3.2.3}{chapter.3}% 24
\BOOKMARK [1][-]{section.3.9}{The equilibrium constant, Kc 3.2.3}{chapter.3}% 25
\BOOKMARK [0][-]{chapter.4}{Core organic chemistry}{}% 26
\BOOKMARK [1][-]{section.4.1}{The basics 4.1.1}{chapter.4}% 27
\BOOKMARK [1][-]{section.4.2}{Reaction Mechanisms 4.1.1}{chapter.4}% 28
\BOOKMARK [1][-]{section.4.3}{Alkanes 4.1.2}{chapter.4}% 29
\BOOKMARK [1][-]{section.4.4}{Basics in Alkenes 4.1.3}{chapter.4}% 30
\BOOKMARK [1][-]{section.4.5}{Reactions of Alkenes 4.1.3}{chapter.4}% 31
\BOOKMARK [1][-]{section.4.6}{Alcohols 4.2.1}{chapter.4}% 32
\BOOKMARK [1][-]{section.4.7}{Haloalkanes 4.2.2}{chapter.4}% 33
\BOOKMARK [0][-]{chapter.5}{Rates of reactions}{}% 34
\BOOKMARK [1][-]{section.5.1}{Order, rate equation and rate reactions}{chapter.5}% 35
\BOOKMARK [1][-]{section.5.2}{Concentration-time graph}{chapter.5}% 36
\BOOKMARK [1][-]{section.5.3}{Rate-concentration graphs and initial rates}{chapter.5}% 37
\BOOKMARK [0][-]{chapter.6}{Organic chemistry and analysis}{}% 38
\BOOKMARK [1][-]{section.6.1}{Aromatic Compounds 6.1.1}{chapter.6}% 39
\BOOKMARK [1][-]{section.6.2}{Carbonyl compounds 6.1.2}{chapter.6}% 40
\BOOKMARK [1][-]{section.6.3}{Carboxylic acids and esters 6.1.3}{chapter.6}% 41
